<?xml version="1.0" encoding="UTF-8"?>
<testsuite xmlns:xsi="http://www.w3.org/2001/XMLSchema-instance" xsi:noNamespaceSchemaLocation="https://maven.apache.org/surefire/maven-surefire-plugin/xsd/surefire-test-report.xsd" name="oy.tol.tira.books.CorrectnessTests" time="166.81" tests="9" errors="0" skipped="0" failures="2">
  <properties>
    <property name="java.specification.version" value="17"/>
    <property name="sun.cpu.isalist" value="amd64"/>
    <property name="sun.jnu.encoding" value="GBK"/>
    <property name="java.class.path" value="C:\college\seniorYear\DSA\MyReporsity\LuRenxi-DSA\07-booksandwords\target\test-classes;C:\college\seniorYear\DSA\MyReporsity\LuRenxi-DSA\07-booksandwords\target\classes;C:\Users\Lenovo\.m2\repository\org\junit\jupiter\junit-jupiter-api\5.7.0\junit-jupiter-api-5.7.0.jar;C:\Users\Lenovo\.m2\repository\org\apiguardian\apiguardian-api\1.1.0\apiguardian-api-1.1.0.jar;C:\Users\Lenovo\.m2\repository\org\opentest4j\opentest4j\1.2.0\opentest4j-1.2.0.jar;C:\Users\Lenovo\.m2\repository\org\junit\platform\junit-platform-commons\1.7.0\junit-platform-commons-1.7.0.jar;C:\Users\Lenovo\.m2\repository\org\junit\jupiter\junit-jupiter-engine\5.7.0\junit-jupiter-engine-5.7.0.jar;C:\Users\Lenovo\.m2\repository\org\junit\platform\junit-platform-engine\1.7.0\junit-platform-engine-1.7.0.jar;C:\Users\Lenovo\.m2\repository\com\kennycason\kumo-core\1.28\kumo-core-1.28.jar;C:\Users\Lenovo\.m2\repository\com\kennycason\kumo-api\1.28\kumo-api-1.28.jar;C:\Users\Lenovo\.m2\repository\org\slf4j\slf4j-api\1.7.30\slf4j-api-1.7.30.jar;C:\Users\Lenovo\.m2\repository\org\jsoup\jsoup\1.12.1\jsoup-1.12.1.jar;C:\Users\Lenovo\.m2\repository\commons-io\commons-io\2.4\commons-io-2.4.jar;C:\Users\Lenovo\.m2\repository\org\apache\commons\commons-lang3\3.4\commons-lang3-3.4.jar;C:\Users\Lenovo\.m2\repository\com\github\davidmoten\rtree\0.8.6\rtree-0.8.6.jar;C:\Users\Lenovo\.m2\repository\com\github\davidmoten\guava-mini\0.1.1\guava-mini-0.1.1.jar;C:\Users\Lenovo\.m2\repository\io\reactivex\rxjava\1.3.8\rxjava-1.3.8.jar;"/>
    <property name="java.vm.vendor" value="Oracle Corporation"/>
    <property name="sun.arch.data.model" value="64"/>
    <property name="user.variant" value=""/>
    <property name="java.vendor.url" value="https://java.oracle.com/"/>
    <property name="user.timezone" value="Asia/Shanghai"/>
    <property name="os.name" value="Windows 10"/>
    <property name="java.vm.specification.version" value="17"/>
    <property name="sun.java.launcher" value="SUN_STANDARD"/>
    <property name="user.country" value="CN"/>
    <property name="sun.boot.library.path" value="C:\Program Files\Java\jdk-17\bin"/>
    <property name="sun.java.command" value="C:\Users\Lenovo\AppData\Local\Temp\surefire6987954771310386610\surefirebooter3412964415463874016.jar C:\Users\Lenovo\AppData\Local\Temp\surefire6987954771310386610 2024-03-26T16-27-25_893-jvmRun1 surefire17795099516270870442tmp surefire_02950652749216244669tmp"/>
    <property name="jdk.debug" value="release"/>
    <property name="surefire.test.class.path" value="C:\college\seniorYear\DSA\MyReporsity\LuRenxi-DSA\07-booksandwords\target\test-classes;C:\college\seniorYear\DSA\MyReporsity\LuRenxi-DSA\07-booksandwords\target\classes;C:\Users\Lenovo\.m2\repository\org\junit\jupiter\junit-jupiter-api\5.7.0\junit-jupiter-api-5.7.0.jar;C:\Users\Lenovo\.m2\repository\org\apiguardian\apiguardian-api\1.1.0\apiguardian-api-1.1.0.jar;C:\Users\Lenovo\.m2\repository\org\opentest4j\opentest4j\1.2.0\opentest4j-1.2.0.jar;C:\Users\Lenovo\.m2\repository\org\junit\platform\junit-platform-commons\1.7.0\junit-platform-commons-1.7.0.jar;C:\Users\Lenovo\.m2\repository\org\junit\jupiter\junit-jupiter-engine\5.7.0\junit-jupiter-engine-5.7.0.jar;C:\Users\Lenovo\.m2\repository\org\junit\platform\junit-platform-engine\1.7.0\junit-platform-engine-1.7.0.jar;C:\Users\Lenovo\.m2\repository\com\kennycason\kumo-core\1.28\kumo-core-1.28.jar;C:\Users\Lenovo\.m2\repository\com\kennycason\kumo-api\1.28\kumo-api-1.28.jar;C:\Users\Lenovo\.m2\repository\org\slf4j\slf4j-api\1.7.30\slf4j-api-1.7.30.jar;C:\Users\Lenovo\.m2\repository\org\jsoup\jsoup\1.12.1\jsoup-1.12.1.jar;C:\Users\Lenovo\.m2\repository\commons-io\commons-io\2.4\commons-io-2.4.jar;C:\Users\Lenovo\.m2\repository\org\apache\commons\commons-lang3\3.4\commons-lang3-3.4.jar;C:\Users\Lenovo\.m2\repository\com\github\davidmoten\rtree\0.8.6\rtree-0.8.6.jar;C:\Users\Lenovo\.m2\repository\com\github\davidmoten\guava-mini\0.1.1\guava-mini-0.1.1.jar;C:\Users\Lenovo\.m2\repository\io\reactivex\rxjava\1.3.8\rxjava-1.3.8.jar;"/>
    <property name="sun.cpu.endian" value="little"/>
    <property name="user.home" value="C:\Users\Lenovo"/>
    <property name="user.language" value="zh"/>
    <property name="java.specification.vendor" value="Oracle Corporation"/>
    <property name="java.version.date" value="2023-01-17"/>
    <property name="java.home" value="C:\Program Files\Java\jdk-17"/>
    <property name="file.separator" value="\"/>
    <property name="basedir" value="C:\college\seniorYear\DSA\MyReporsity\LuRenxi-DSA\07-booksandwords"/>
    <property name="java.vm.compressedOopsMode" value="Zero based"/>
    <property name="line.separator" value="&#10;"/>
    <property name="java.vm.specification.vendor" value="Oracle Corporation"/>
    <property name="java.specification.name" value="Java Platform API Specification"/>
    <property name="surefire.real.class.path" value="C:\Users\Lenovo\AppData\Local\Temp\surefire6987954771310386610\surefirebooter3412964415463874016.jar"/>
    <property name="user.script" value=""/>
    <property name="sun.management.compiler" value="HotSpot 64-Bit Tiered Compilers"/>
    <property name="java.runtime.version" value="17.0.6+9-LTS-190"/>
    <property name="user.name" value="Lenovo"/>
    <property name="path.separator" value=";"/>
    <property name="os.version" value="10.0"/>
    <property name="java.runtime.name" value="Java(TM) SE Runtime Environment"/>
    <property name="file.encoding" value="GBK"/>
    <property name="java.vm.name" value="Java HotSpot(TM) 64-Bit Server VM"/>
    <property name="localRepository" value="C:\Users\Lenovo\.m2\repository"/>
    <property name="java.vendor.url.bug" value="https://bugreport.java.com/bugreport/"/>
    <property name="java.io.tmpdir" value="C:\Users\Lenovo\AppData\Local\Temp\"/>
    <property name="java.version" value="17.0.6"/>
    <property name="user.dir" value="C:\college\seniorYear\DSA\MyReporsity\LuRenxi-DSA\07-booksandwords"/>
    <property name="os.arch" value="amd64"/>
    <property name="java.vm.specification.name" value="Java Virtual Machine Specification"/>
    <property name="sun.os.patch.level" value=""/>
    <property name="native.encoding" value="GBK"/>
    <property name="java.library.path" value="C:\Program Files\Java\jdk-17\bin;C:\windows\Sun\Java\bin;C:\windows\system32;C:\windows;C:\20.04Ubuntu\VM\bin\;C:\Program Files\Common Files\Oracle\Java\javapath;C:\Windows\system32;C:\Windows;C:\Windows\System32\Wbem;C:\Windows\System32\WindowsPowerShell\v1.0\;C:\Windows\System32\OpenSSH\;C:\Program Files\Java\jdk-17\bin;C:\Program Files\Git\cmd;C:\Users\Lenovo\AppData\Local\Microsoft\WindowsApps;C:\Users\Lenovo\AppData\Local\Programs\Microsoft VS Code\bin;C:\apache-maven-3.9.6-bin\apache-maven-3.9.6\bin;;."/>
    <property name="java.vm.info" value="mixed mode, sharing"/>
    <property name="java.vendor" value="Oracle Corporation"/>
    <property name="java.vm.version" value="17.0.6+9-LTS-190"/>
    <property name="sun.io.unicode.encoding" value="UnicodeLittle"/>
    <property name="java.class.version" value="61.0"/>
  </properties>
  <testcase name="testSapmiRussianFile" classname="oy.tol.tira.books.CorrectnessTests" time="0.104"/>
  <testcase name="testSmallFile" classname="oy.tol.tira.books.CorrectnessTests" time="0.064"/>
  <testcase name="testFilesNotGiven" classname="oy.tol.tira.books.CorrectnessTests" time="0"/>
  <testcase name="testBulkFile" classname="oy.tol.tira.books.CorrectnessTests" time="142.359">
    <failure message="Failed to print out the report. ==&gt; Unexpected exception thrown: java.lang.StackOverflowError" type="org.opentest4j.AssertionFailedError">org.opentest4j.AssertionFailedError: Failed to print out the report. ==> Unexpected exception thrown: java.lang.StackOverflowError
	at oy.tol.tira.books.CorrectnessTests.testBulkFile(CorrectnessTests.java:239)
Caused by: java.lang.StackOverflowError
</failure>
    <system-out><![CDATA[Starting to test Bulk.txt...
Listing words from a file: C:\college\seniorYear\DSA\MyReporsity\LuRenxi-DSA\07-booksandwords\target\test-classes\Bulk.txt
Ignoring words from a file: C:\college\seniorYear\DSA\MyReporsity\LuRenxi-DSA\07-booksandwords\target\test-classes\ignore-words.txt
Sorting the results...
]]></system-out>
  </testcase>
  <testcase name="testWarPeaceFile" classname="oy.tol.tira.books.CorrectnessTests" time="24.262">
    <failure message="Failed to print out the report. ==&gt; Unexpected exception thrown: java.lang.StackOverflowError" type="org.opentest4j.AssertionFailedError">org.opentest4j.AssertionFailedError: Failed to print out the report. ==> Unexpected exception thrown: java.lang.StackOverflowError
	at oy.tol.tira.books.CorrectnessTests.testWarPeaceFile(CorrectnessTests.java:203)
Caused by: java.lang.StackOverflowError
</failure>
    <system-out><![CDATA[Starting to test WarPeace.txt...
Listing words from a file: C:\college\seniorYear\DSA\MyReporsity\LuRenxi-DSA\07-booksandwords\target\test-classes\WarPeace.txt
Ignoring words from a file: C:\college\seniorYear\DSA\MyReporsity\LuRenxi-DSA\07-booksandwords\target\test-classes\ignore-words.txt
Sorting the results...
]]></system-out>
  </testcase>
  <testcase name="testEmptyBookFile" classname="oy.tol.tira.books.CorrectnessTests" time="0.008"/>
  <testcase name="testTinyBookFile" classname="oy.tol.tira.books.CorrectnessTests" time="0.013"/>
  <testcase name="testNonExistentBookFile" classname="oy.tol.tira.books.CorrectnessTests" time="0"/>
  <testcase name="testOneWordBookFile" classname="oy.tol.tira.books.CorrectnessTests" time="0"/>
</testsuite>