<?xml version="1.0" encoding="UTF-8"?>
<testsuite xmlns:xsi="http://www.w3.org/2001/XMLSchema-instance" xsi:noNamespaceSchemaLocation="https://maven.apache.org/surefire/maven-surefire-plugin/xsd/surefire-test-report.xsd" name="oy.tol.tira.books.CorrectnessTests" time="166.81" tests="9" errors="0" skipped="0" failures="2">
  <properties>
[...]
</properties>
  <testcase name="testSapmiRussianFile" classname="oy.tol.tira.books.CorrectnessTests" time="0.104"/>
  <testcase name="testSmallFile" classname="oy.tol.tira.books.CorrectnessTests" time="0.064"/>
  <testcase name="testFilesNotGiven" classname="oy.tol.tira.books.CorrectnessTests" time="0"/>
  <testcase name="testBulkFile" classname="oy.tol.tira.books.CorrectnessTests" time="142.359">
    <failure message="Failed to print out the report. ==&gt; Unexpected exception thrown: java.lang.StackOverflowError" type="org.opentest4j.AssertionFailedError">org.opentest4j.AssertionFailedError: Failed to print out the report. ==> Unexpected exception thrown: java.lang.StackOverflowError
	at oy.tol.tira.books.CorrectnessTests.testBulkFile(CorrectnessTests.java:239)
Caused by: java.lang.StackOverflowError
</failure>
    <system-out><![CDATA[Starting to test Bulk.txt...
Listing words from a file: C:\college\seniorYear\DSA\MyReporsity\LuRenxi-DSA\07-booksandwords\target\test-classes\Bulk.txt
Ignoring words from a file: C:\college\seniorYear\DSA\MyReporsity\LuRenxi-DSA\07-booksandwords\target\test-classes\ignore-words.txt
Sorting the results...
]]></system-out>
  </testcase>
  <testcase name="testWarPeaceFile" classname="oy.tol.tira.books.CorrectnessTests" time="24.262">
    <failure message="Failed to print out the report. ==&gt; Unexpected exception thrown: java.lang.StackOverflowError" type="org.opentest4j.AssertionFailedError">org.opentest4j.AssertionFailedError: Failed to print out the report. ==> Unexpected exception thrown: java.lang.StackOverflowError
	at oy.tol.tira.books.CorrectnessTests.testWarPeaceFile(CorrectnessTests.java:203)
Caused by: java.lang.StackOverflowError
</failure>
    <system-out><![CDATA[Starting to test WarPeace.txt...
Listing words from a file: C:\college\seniorYear\DSA\MyReporsity\LuRenxi-DSA\07-booksandwords\target\test-classes\WarPeace.txt
Ignoring words from a file: C:\college\seniorYear\DSA\MyReporsity\LuRenxi-DSA\07-booksandwords\target\test-classes\ignore-words.txt
Sorting the results...
]]></system-out>
  </testcase>
  <testcase name="testEmptyBookFile" classname="oy.tol.tira.books.CorrectnessTests" time="0.008"/>
  <testcase name="testTinyBookFile" classname="oy.tol.tira.books.CorrectnessTests" time="0.013"/>
  <testcase name="testNonExistentBookFile" classname="oy.tol.tira.books.CorrectnessTests" time="0"/>
  <testcase name="testOneWordBookFile" classname="oy.tol.tira.books.CorrectnessTests" time="0"/>
</testsuite>